07 Apr 2023 21:56:53,690 TRACE org.springframework.context.support.AbstractApplicationContext 626 prepareRefresh - Refreshing org.springframework.context.annotation.AnnotationConfigApplicationContext@f4dcdb2, started on Fri Apr 07 21:56:53 EEST 2023
07 Apr 2023 21:56:53,714 DEBUG org.springframework.beans.factory.support.DefaultSingletonBeanRegistry 225 getSingleton - Creating shared instance of singleton bean 'org.springframework.context.annotation.internalConfigurationAnnotationProcessor'
07 Apr 2023 21:56:53,714 TRACE org.springframework.beans.factory.support.AbstractAutowireCapableBeanFactory 507 createBean - Creating instance of bean 'org.springframework.context.annotation.internalConfigurationAnnotationProcessor'
07 Apr 2023 21:56:53,733 TRACE org.springframework.beans.factory.support.AbstractAutowireCapableBeanFactory 610 doCreateBean - Eagerly caching bean 'org.springframework.context.annotation.internalConfigurationAnnotationProcessor' to allow for resolving potential circular references
07 Apr 2023 21:56:53,735 TRACE org.springframework.beans.factory.support.AbstractAutowireCapableBeanFactory 544 createBean - Finished creating instance of bean 'org.springframework.context.annotation.internalConfigurationAnnotationProcessor'
07 Apr 2023 21:56:53,792 TRACE org.springframework.context.annotation.ConfigurationClassBeanDefinitionReader 292 loadBeanDefinitionsForBeanMethod - Registering bean definition for @Bean method com.app.questit.configs.GamificationConfig.props()
07 Apr 2023 21:56:53,793 TRACE org.springframework.context.annotation.ConfigurationClassBeanDefinitionReader 292 loadBeanDefinitionsForBeanMethod - Registering bean definition for @Bean method com.app.questit.configs.GamificationConfig.questRepository()
07 Apr 2023 21:56:53,794 TRACE org.springframework.context.annotation.ConfigurationClassBeanDefinitionReader 292 loadBeanDefinitionsForBeanMethod - Registering bean definition for @Bean method com.app.questit.configs.GamificationConfig.userRepository()
07 Apr 2023 21:56:53,795 TRACE org.springframework.context.annotation.ConfigurationClassBeanDefinitionReader 292 loadBeanDefinitionsForBeanMethod - Registering bean definition for @Bean method com.app.questit.configs.GamificationConfig.userValidator()
07 Apr 2023 21:56:53,795 TRACE org.springframework.context.annotation.ConfigurationClassBeanDefinitionReader 292 loadBeanDefinitionsForBeanMethod - Registering bean definition for @Bean method com.app.questit.configs.GamificationConfig.appService()
07 Apr 2023 21:56:53,874 TRACE org.springframework.context.annotation.ConfigurationClassEnhancer 111 enhance - Successfully enhanced com.app.questit.configs.GamificationConfig; enhanced class name is: com.app.questit.configs.GamificationConfig$$EnhancerBySpringCGLIB$$c178b88b
07 Apr 2023 21:56:53,875 TRACE org.springframework.context.annotation.ConfigurationClassPostProcessor 450 enhanceConfigurationClasses - Replacing bean definition 'gamificationConfig' existing class 'com.app.questit.configs.GamificationConfig' with enhanced class 'com.app.questit.configs.GamificationConfig$$EnhancerBySpringCGLIB$$c178b88b'
07 Apr 2023 21:56:53,876 DEBUG org.springframework.beans.factory.support.DefaultSingletonBeanRegistry 225 getSingleton - Creating shared instance of singleton bean 'org.springframework.context.event.internalEventListenerProcessor'
07 Apr 2023 21:56:53,876 TRACE org.springframework.beans.factory.support.AbstractAutowireCapableBeanFactory 507 createBean - Creating instance of bean 'org.springframework.context.event.internalEventListenerProcessor'
07 Apr 2023 21:56:53,878 TRACE org.springframework.beans.factory.support.AbstractAutowireCapableBeanFactory 610 doCreateBean - Eagerly caching bean 'org.springframework.context.event.internalEventListenerProcessor' to allow for resolving potential circular references
07 Apr 2023 21:56:53,879 TRACE org.springframework.beans.factory.support.AbstractAutowireCapableBeanFactory 544 createBean - Finished creating instance of bean 'org.springframework.context.event.internalEventListenerProcessor'
07 Apr 2023 21:56:53,880 DEBUG org.springframework.beans.factory.support.DefaultSingletonBeanRegistry 225 getSingleton - Creating shared instance of singleton bean 'org.springframework.context.event.internalEventListenerFactory'
07 Apr 2023 21:56:53,880 TRACE org.springframework.beans.factory.support.AbstractAutowireCapableBeanFactory 507 createBean - Creating instance of bean 'org.springframework.context.event.internalEventListenerFactory'
07 Apr 2023 21:56:53,880 TRACE org.springframework.beans.factory.support.AbstractAutowireCapableBeanFactory 610 doCreateBean - Eagerly caching bean 'org.springframework.context.event.internalEventListenerFactory' to allow for resolving potential circular references
07 Apr 2023 21:56:53,881 TRACE org.springframework.beans.factory.support.AbstractAutowireCapableBeanFactory 544 createBean - Finished creating instance of bean 'org.springframework.context.event.internalEventListenerFactory'
07 Apr 2023 21:56:53,883 DEBUG org.springframework.beans.factory.support.DefaultSingletonBeanRegistry 225 getSingleton - Creating shared instance of singleton bean 'org.springframework.context.annotation.internalAutowiredAnnotationProcessor'
07 Apr 2023 21:56:53,883 TRACE org.springframework.beans.factory.support.AbstractAutowireCapableBeanFactory 507 createBean - Creating instance of bean 'org.springframework.context.annotation.internalAutowiredAnnotationProcessor'
07 Apr 2023 21:56:53,884 TRACE org.springframework.beans.factory.support.AbstractAutowireCapableBeanFactory 610 doCreateBean - Eagerly caching bean 'org.springframework.context.annotation.internalAutowiredAnnotationProcessor' to allow for resolving potential circular references
07 Apr 2023 21:56:53,885 TRACE org.springframework.beans.factory.support.AbstractAutowireCapableBeanFactory 544 createBean - Finished creating instance of bean 'org.springframework.context.annotation.internalAutowiredAnnotationProcessor'
07 Apr 2023 21:56:53,888 TRACE org.springframework.context.support.AbstractApplicationContext 793 initMessageSource - No 'messageSource' bean, using [Empty MessageSource]
07 Apr 2023 21:56:53,890 TRACE org.springframework.context.support.AbstractApplicationContext 816 initApplicationEventMulticaster - No 'applicationEventMulticaster' bean, using [SimpleApplicationEventMulticaster]
07 Apr 2023 21:56:53,892 TRACE org.springframework.beans.factory.support.DefaultListableBeanFactory 922 preInstantiateSingletons - Pre-instantiating singletons in org.springframework.beans.factory.support.DefaultListableBeanFactory@6f2aa260: defining beans [org.springframework.context.annotation.internalConfigurationAnnotationProcessor,org.springframework.context.annotation.internalAutowiredAnnotationProcessor,org.springframework.context.event.internalEventListenerProcessor,org.springframework.context.event.internalEventListenerFactory,gamificationConfig,props,questRepository,userRepository,userValidator,appService]; root of factory hierarchy
07 Apr 2023 21:56:53,892 TRACE org.springframework.beans.factory.support.AbstractBeanFactory 264 doGetBean - Returning cached instance of singleton bean 'org.springframework.context.annotation.internalConfigurationAnnotationProcessor'
07 Apr 2023 21:56:53,892 TRACE org.springframework.beans.factory.support.AbstractBeanFactory 264 doGetBean - Returning cached instance of singleton bean 'org.springframework.context.annotation.internalAutowiredAnnotationProcessor'
07 Apr 2023 21:56:53,892 TRACE org.springframework.beans.factory.support.AbstractBeanFactory 264 doGetBean - Returning cached instance of singleton bean 'org.springframework.context.event.internalEventListenerProcessor'
07 Apr 2023 21:56:53,893 TRACE org.springframework.beans.factory.support.AbstractBeanFactory 264 doGetBean - Returning cached instance of singleton bean 'org.springframework.context.event.internalEventListenerFactory'
07 Apr 2023 21:56:53,893 DEBUG org.springframework.beans.factory.support.DefaultSingletonBeanRegistry 225 getSingleton - Creating shared instance of singleton bean 'gamificationConfig'
07 Apr 2023 21:56:53,893 TRACE org.springframework.beans.factory.support.AbstractAutowireCapableBeanFactory 507 createBean - Creating instance of bean 'gamificationConfig'
07 Apr 2023 21:56:53,898 TRACE org.springframework.beans.factory.support.AbstractAutowireCapableBeanFactory 610 doCreateBean - Eagerly caching bean 'gamificationConfig' to allow for resolving potential circular references
07 Apr 2023 21:56:53,898 TRACE org.springframework.beans.factory.support.AbstractAutowireCapableBeanFactory 544 createBean - Finished creating instance of bean 'gamificationConfig'
07 Apr 2023 21:56:53,899 DEBUG org.springframework.beans.factory.support.DefaultSingletonBeanRegistry 225 getSingleton - Creating shared instance of singleton bean 'props'
07 Apr 2023 21:56:53,899 TRACE org.springframework.beans.factory.support.AbstractAutowireCapableBeanFactory 507 createBean - Creating instance of bean 'props'
07 Apr 2023 21:56:53,901 TRACE org.springframework.beans.factory.support.AbstractBeanFactory 264 doGetBean - Returning cached instance of singleton bean 'gamificationConfig'
07 Apr 2023 21:56:53,918 TRACE org.springframework.beans.factory.support.AbstractAutowireCapableBeanFactory 610 doCreateBean - Eagerly caching bean 'props' to allow for resolving potential circular references
07 Apr 2023 21:56:53,921 TRACE org.springframework.beans.factory.support.AbstractAutowireCapableBeanFactory 544 createBean - Finished creating instance of bean 'props'
07 Apr 2023 21:56:53,921 DEBUG org.springframework.beans.factory.support.DefaultSingletonBeanRegistry 225 getSingleton - Creating shared instance of singleton bean 'questRepository'
07 Apr 2023 21:56:53,921 TRACE org.springframework.beans.factory.support.AbstractAutowireCapableBeanFactory 507 createBean - Creating instance of bean 'questRepository'
07 Apr 2023 21:56:53,922 TRACE org.springframework.beans.factory.support.AbstractBeanFactory 264 doGetBean - Returning cached instance of singleton bean 'gamificationConfig'
07 Apr 2023 21:56:53,927 TRACE org.springframework.beans.factory.support.AbstractBeanFactory 264 doGetBean - Returning cached instance of singleton bean 'props'
07 Apr 2023 21:56:53,930 TRACE org.springframework.beans.factory.support.AbstractAutowireCapableBeanFactory 610 doCreateBean - Eagerly caching bean 'questRepository' to allow for resolving potential circular references
07 Apr 2023 21:56:53,930 TRACE org.springframework.beans.factory.support.AbstractAutowireCapableBeanFactory 544 createBean - Finished creating instance of bean 'questRepository'
07 Apr 2023 21:56:53,931 DEBUG org.springframework.beans.factory.support.DefaultSingletonBeanRegistry 225 getSingleton - Creating shared instance of singleton bean 'userRepository'
07 Apr 2023 21:56:53,931 TRACE org.springframework.beans.factory.support.AbstractAutowireCapableBeanFactory 507 createBean - Creating instance of bean 'userRepository'
07 Apr 2023 21:56:53,931 TRACE org.springframework.beans.factory.support.AbstractBeanFactory 264 doGetBean - Returning cached instance of singleton bean 'gamificationConfig'
07 Apr 2023 21:56:53,933 TRACE org.springframework.beans.factory.support.AbstractBeanFactory 264 doGetBean - Returning cached instance of singleton bean 'props'
07 Apr 2023 21:56:53,934 TRACE org.springframework.beans.factory.support.AbstractAutowireCapableBeanFactory 610 doCreateBean - Eagerly caching bean 'userRepository' to allow for resolving potential circular references
07 Apr 2023 21:56:53,934 TRACE org.springframework.beans.factory.support.AbstractAutowireCapableBeanFactory 544 createBean - Finished creating instance of bean 'userRepository'
07 Apr 2023 21:56:53,935 DEBUG org.springframework.beans.factory.support.DefaultSingletonBeanRegistry 225 getSingleton - Creating shared instance of singleton bean 'userValidator'
07 Apr 2023 21:56:53,935 TRACE org.springframework.beans.factory.support.AbstractAutowireCapableBeanFactory 507 createBean - Creating instance of bean 'userValidator'
07 Apr 2023 21:56:53,935 TRACE org.springframework.beans.factory.support.AbstractBeanFactory 264 doGetBean - Returning cached instance of singleton bean 'gamificationConfig'
07 Apr 2023 21:56:53,936 TRACE org.springframework.beans.factory.support.AbstractAutowireCapableBeanFactory 610 doCreateBean - Eagerly caching bean 'userValidator' to allow for resolving potential circular references
07 Apr 2023 21:56:53,937 TRACE org.springframework.beans.factory.support.AbstractAutowireCapableBeanFactory 544 createBean - Finished creating instance of bean 'userValidator'
07 Apr 2023 21:56:53,937 DEBUG org.springframework.beans.factory.support.DefaultSingletonBeanRegistry 225 getSingleton - Creating shared instance of singleton bean 'appService'
07 Apr 2023 21:56:53,937 TRACE org.springframework.beans.factory.support.AbstractAutowireCapableBeanFactory 507 createBean - Creating instance of bean 'appService'
07 Apr 2023 21:56:53,937 TRACE org.springframework.beans.factory.support.AbstractBeanFactory 264 doGetBean - Returning cached instance of singleton bean 'gamificationConfig'
07 Apr 2023 21:56:53,939 TRACE org.springframework.beans.factory.support.AbstractBeanFactory 264 doGetBean - Returning cached instance of singleton bean 'userRepository'
07 Apr 2023 21:56:53,939 TRACE org.springframework.beans.factory.support.AbstractBeanFactory 264 doGetBean - Returning cached instance of singleton bean 'questRepository'
07 Apr 2023 21:56:53,939 TRACE org.springframework.beans.factory.support.AbstractBeanFactory 264 doGetBean - Returning cached instance of singleton bean 'userValidator'
07 Apr 2023 21:56:53,940 TRACE org.springframework.beans.factory.support.AbstractAutowireCapableBeanFactory 610 doCreateBean - Eagerly caching bean 'appService' to allow for resolving potential circular references
07 Apr 2023 21:56:53,941 TRACE org.springframework.beans.factory.support.AbstractAutowireCapableBeanFactory 544 createBean - Finished creating instance of bean 'appService'
07 Apr 2023 21:56:53,946 TRACE org.springframework.context.event.EventListenerMethodProcessor 186 processBean - No @EventListener annotations found on bean class: com.app.questit.configs.GamificationConfig$$EnhancerBySpringCGLIB$$c178b88b
07 Apr 2023 21:56:53,947 TRACE org.springframework.context.event.EventListenerMethodProcessor 186 processBean - No @EventListener annotations found on bean class: com.app.questit.repository.Implementations.QuestRepository
07 Apr 2023 21:56:53,948 TRACE org.springframework.context.event.EventListenerMethodProcessor 186 processBean - No @EventListener annotations found on bean class: com.app.questit.repository.Implementations.UserRepository
07 Apr 2023 21:56:53,948 TRACE org.springframework.context.event.EventListenerMethodProcessor 186 processBean - No @EventListener annotations found on bean class: com.app.questit.domain.Validators.UserValidator
07 Apr 2023 21:56:53,949 TRACE org.springframework.context.event.EventListenerMethodProcessor 186 processBean - No @EventListener annotations found on bean class: com.app.questit.services.AppService
07 Apr 2023 21:56:53,951 TRACE org.springframework.context.support.AbstractApplicationContext 842 initLifecycleProcessor - No 'lifecycleProcessor' bean, using [DefaultLifecycleProcessor]
07 Apr 2023 21:56:53,952 TRACE org.springframework.beans.factory.support.AbstractBeanFactory 264 doGetBean - Returning cached instance of singleton bean 'lifecycleProcessor'
07 Apr 2023 21:56:53,956 TRACE org.springframework.core.env.PropertySourcesPropertyResolver 82 getProperty - Searching for key 'spring.liveBeansView.mbeanDomain' in PropertySource 'systemProperties'
07 Apr 2023 21:56:53,957 TRACE org.springframework.core.env.PropertySourcesPropertyResolver 82 getProperty - Searching for key 'spring.liveBeansView.mbeanDomain' in PropertySource 'systemEnvironment'
07 Apr 2023 21:56:53,957 TRACE org.springframework.core.env.PropertySourcesPropertyResolver 96 getProperty - Could not find key 'spring.liveBeansView.mbeanDomain' in any property source
07 Apr 2023 21:56:53,966 TRACE org.springframework.core.io.support.SpringFactoriesLoader 103 loadFactories - Loaded [org.springframework.beans.BeanInfoFactory] names: [org.springframework.beans.ExtendedBeanInfoFactory]
07 Apr 2023 21:56:53,969 TRACE org.springframework.beans.factory.support.AbstractBeanFactory 264 doGetBean - Returning cached instance of singleton bean 'appService'
